<?xml version="1.0" encoding="UTF-8"?>
<testng-results skipped="0" failed="0" ignored="0" total="2" passed="2">
  <reporter-output>
  </reporter-output>
  <suite name="Suite" duration-ms="25043" started-at="2020-05-23T20:53:49 IST" finished-at="2020-05-23T20:54:14 IST">
    <groups>
    </groups>
    <test name="Test" duration-ms="25043" started-at="2020-05-23T20:53:49 IST" finished-at="2020-05-23T20:54:14 IST">
      <class name="testCases.Sample_Testng">
        <test-method status="PASS" signature="setup()[pri:0, instance:testCases.Sample_Testng@13deb50e]" name="setup" is-config="true" duration-ms="15635" started-at="2020-05-23T20:53:49 IST" finished-at="2020-05-23T20:54:04 IST">
          <reporter-output>
          </reporter-output>
        </test-method> <!-- setup -->
        <test-method status="PASS" signature="clickReg()[pri:1, instance:testCases.Sample_Testng@13deb50e]" name="clickReg" duration-ms="6986" started-at="2020-05-23T20:54:04 IST" finished-at="2020-05-23T20:54:11 IST">
          <reporter-output>
          </reporter-output>
        </test-method> <!-- clickReg -->
        <test-method status="PASS" signature="endTest(org.testng.ITestResult)[pri:0, instance:testCases.Sample_Testng@13deb50e]" name="endTest" is-config="true" duration-ms="614" started-at="2020-05-23T20:54:11 IST" finished-at="2020-05-23T20:54:12 IST">
          <params>
            <param index="0">
              <value>
                <![CDATA[[TestResult name=clickReg status=SUCCESS method=Sample_Testng.clickReg()[pri:1, instance:testCases.Sample_Testng@13deb50e] output={null}]]]>
              </value>
            </param>
          </params>
          <reporter-output>
          </reporter-output>
        </test-method> <!-- endTest -->
        <test-method status="PASS" signature="filldata()[pri:2, instance:testCases.Sample_Testng@13deb50e]" name="filldata" duration-ms="1614" started-at="2020-05-23T20:54:12 IST" finished-at="2020-05-23T20:54:14 IST">
          <reporter-output>
          </reporter-output>
        </test-method> <!-- filldata -->
        <test-method status="PASS" signature="endTest(org.testng.ITestResult)[pri:0, instance:testCases.Sample_Testng@13deb50e]" name="endTest" is-config="true" duration-ms="125" started-at="2020-05-23T20:54:14 IST" finished-at="2020-05-23T20:54:14 IST">
          <params>
            <param index="0">
              <value>
                <![CDATA[[TestResult name=filldata status=SUCCESS method=Sample_Testng.filldata()[pri:2, instance:testCases.Sample_Testng@13deb50e] output={null}]]]>
              </value>
            </param>
          </params>
          <reporter-output>
          </reporter-output>
        </test-method> <!-- endTest -->
      </class> <!-- testCases.Sample_Testng -->
    </test> <!-- Test -->
  </suite> <!-- Suite -->
</testng-results>
